[14-Jun-2023 23:52:29 America/Mexico_City] PHP Notice:  Undefined index: usuario_sesion in C:\xampp\htdocs\upiicsa\proyecto\index.php on line 9
[14-Jun-2023 23:52:29 America/Mexico_City] PHP Notice:  Undefined index: usuario_sesion in C:\xampp\htdocs\upiicsa\proyecto\index.php on line 9
[14-Jun-2023 23:52:29 America/Mexico_City] PHP Notice:  Undefined index: usuario_sesion in C:\xampp\htdocs\upiicsa\proyecto\index.php on line 9
[14-Jun-2023 23:52:29 America/Mexico_City] PHP Notice:  Undefined index: usuario_sesion in C:\xampp\htdocs\upiicsa\proyecto\index.php on line 9
[14-Jun-2023 23:52:29 America/Mexico_City] PHP Notice:  Undefined index: usuario_sesion in C:\xampp\htdocs\upiicsa\proyecto\index.php on line 9
[14-Jun-2023 23:52:29 America/Mexico_City] PHP Notice:  Undefined index: usuario_sesion in C:\xampp\htdocs\upiicsa\proyecto\index.php on line 9
[14-Jun-2023 23:52:29 America/Mexico_City] PHP Notice:  Undefined index: usuario_sesion in C:\xampp\htdocs\upiicsa\proyecto\index.php on line 9
[14-Jun-2023 23:52:29 America/Mexico_City] PHP Notice:  Undefined index: usuario_sesion in C:\xampp\htdocs\upiicsa\proyecto\index.php on line 9
[14-Jun-2023 23:52:29 America/Mexico_City] PHP Notice:  Undefined index: usuario_sesion in C:\xampp\htdocs\upiicsa\proyecto\index.php on line 9
[14-Jun-2023 23:52:29 America/Mexico_City] PHP Notice:  Undefined index: usuario_sesion in C:\xampp\htdocs\upiicsa\proyecto\index.php on line 9
[14-Jun-2023 23:52:29 America/Mexico_City] PHP Notice:  Undefined index: usuario_sesion in C:\xampp\htdocs\upiicsa\proyecto\index.php on line 9
[14-Jun-2023 23:52:29 America/Mexico_City] PHP Notice:  Undefined index: usuario_sesion in C:\xampp\htdocs\upiicsa\proyecto\index.php on line 9
[14-Jun-2023 23:52:29 America/Mexico_City] PHP Notice:  Undefined index: usuario_sesion in C:\xampp\htdocs\upiicsa\proyecto\index.php on line 9
[14-Jun-2023 23:52:29 America/Mexico_City] PHP Notice:  Undefined index: usuario_sesion in C:\xampp\htdocs\upiicsa\proyecto\index.php on line 9
[14-Jun-2023 23:52:29 America/Mexico_City] PHP Notice:  Undefined index: usuario_sesion in C:\xampp\htdocs\upiicsa\proyecto\index.php on line 9
[14-Jun-2023 23:52:29 America/Mexico_City] PHP Notice:  Undefined index: usuario_sesion in C:\xampp\htdocs\upiicsa\proyecto\index.php on line 9
[14-Jun-2023 23:52:29 America/Mexico_City] PHP Notice:  Undefined index: usuario_sesion in C:\xampp\htdocs\upiicsa\proyecto\index.php on line 9
[14-Jun-2023 23:52:29 America/Mexico_City] PHP Notice:  Undefined index: usuario_sesion in C:\xampp\htdocs\upiicsa\proyecto\index.php on line 9
[14-Jun-2023 23:52:29 America/Mexico_City] PHP Notice:  Undefined index: usuario_sesion in C:\xampp\htdocs\upiicsa\proyecto\index.php on line 9
[14-Jun-2023 23:52:29 America/Mexico_City] PHP Notice:  Undefined index: usuario_sesion in C:\xampp\htdocs\upiicsa\proyecto\index.php on line 9
[14-Jun-2023 23:53:36 America/Mexico_City] PHP Notice:  Undefined index: usuario_sesion in C:\xampp\htdocs\upiicsa\proyecto\index.php on line 9
[14-Jun-2023 23:53:36 America/Mexico_City] PHP Notice:  Undefined index: usuario_sesion in C:\xampp\htdocs\upiicsa\proyecto\index.php on line 9
[14-Jun-2023 23:53:36 America/Mexico_City] PHP Notice:  Undefined index: usuario_sesion in C:\xampp\htdocs\upiicsa\proyecto\index.php on line 9
[14-Jun-2023 23:53:36 America/Mexico_City] PHP Notice:  Undefined index: usuario_sesion in C:\xampp\htdocs\upiicsa\proyecto\index.php on line 9
[14-Jun-2023 23:53:36 America/Mexico_City] PHP Notice:  Undefined index: usuario_sesion in C:\xampp\htdocs\upiicsa\proyecto\index.php on line 9
[14-Jun-2023 23:53:36 America/Mexico_City] PHP Notice:  Undefined index: usuario_sesion in C:\xampp\htdocs\upiicsa\proyecto\index.php on line 9
[14-Jun-2023 23:53:36 America/Mexico_City] PHP Notice:  Undefined index: usuario_sesion in C:\xampp\htdocs\upiicsa\proyecto\index.php on line 9
[14-Jun-2023 23:53:36 America/Mexico_City] PHP Notice:  Undefined index: usuario_sesion in C:\xampp\htdocs\upiicsa\proyecto\index.php on line 9
[14-Jun-2023 23:53:36 America/Mexico_City] PHP Notice:  Undefined index: usuario_sesion in C:\xampp\htdocs\upiicsa\proyecto\index.php on line 9
[14-Jun-2023 23:53:36 America/Mexico_City] PHP Notice:  Undefined index: usuario_sesion in C:\xampp\htdocs\upiicsa\proyecto\index.php on line 9
[14-Jun-2023 23:53:36 America/Mexico_City] PHP Notice:  Undefined index: usuario_sesion in C:\xampp\htdocs\upiicsa\proyecto\index.php on line 9
[14-Jun-2023 23:53:36 America/Mexico_City] PHP Notice:  Undefined index: usuario_sesion in C:\xampp\htdocs\upiicsa\proyecto\index.php on line 9
[14-Jun-2023 23:53:37 America/Mexico_City] PHP Notice:  Undefined index: usuario_sesion in C:\xampp\htdocs\upiicsa\proyecto\index.php on line 9
[14-Jun-2023 23:53:37 America/Mexico_City] PHP Notice:  Undefined index: usuario_sesion in C:\xampp\htdocs\upiicsa\proyecto\index.php on line 9
[14-Jun-2023 23:53:37 America/Mexico_City] PHP Notice:  Undefined index: usuario_sesion in C:\xampp\htdocs\upiicsa\proyecto\index.php on line 9
[14-Jun-2023 23:53:37 America/Mexico_City] PHP Notice:  Undefined index: usuario_sesion in C:\xampp\htdocs\upiicsa\proyecto\index.php on line 9
[14-Jun-2023 23:53:37 America/Mexico_City] PHP Notice:  Undefined index: usuario_sesion in C:\xampp\htdocs\upiicsa\proyecto\index.php on line 9
[14-Jun-2023 23:53:37 America/Mexico_City] PHP Notice:  Undefined index: usuario_sesion in C:\xampp\htdocs\upiicsa\proyecto\index.php on line 9
[14-Jun-2023 23:53:37 America/Mexico_City] PHP Notice:  Undefined index: usuario_sesion in C:\xampp\htdocs\upiicsa\proyecto\index.php on line 9
[14-Jun-2023 23:53:37 America/Mexico_City] PHP Notice:  Undefined index: usuario_sesion in C:\xampp\htdocs\upiicsa\proyecto\index.php on line 9
[14-Jun-2023 23:53:56 America/Mexico_City] PHP Notice:  Undefined index: usuario_sesion in C:\xampp\htdocs\upiicsa\proyecto\index.php on line 9
[14-Jun-2023 23:55:05 America/Mexico_City] PHP Warning:  Use of undefined constant COOKIE_TIME - assumed 'COOKIE_TIME' (this will throw an Error in a future version of PHP) in C:\xampp\htdocs\upiicsa\proyecto\clases\usuarios.php on line 82
[14-Jun-2023 23:55:05 America/Mexico_City] PHP Warning:  Use of undefined constant DOMINIO - assumed 'DOMINIO' (this will throw an Error in a future version of PHP) in C:\xampp\htdocs\upiicsa\proyecto\clases\usuarios.php on line 82
[14-Jun-2023 23:55:05 America/Mexico_City] PHP Warning:  Use of undefined constant COOKIE_TIME - assumed 'COOKIE_TIME' (this will throw an Error in a future version of PHP) in C:\xampp\htdocs\upiicsa\proyecto\clases\usuarios.php on line 83
[14-Jun-2023 23:55:05 America/Mexico_City] PHP Warning:  Use of undefined constant DOMINIO - assumed 'DOMINIO' (this will throw an Error in a future version of PHP) in C:\xampp\htdocs\upiicsa\proyecto\clases\usuarios.php on line 83
[14-Jun-2023 23:55:05 America/Mexico_City] PHP Warning:  Use of undefined constant COOKIE_TIME - assumed 'COOKIE_TIME' (this will throw an Error in a future version of PHP) in C:\xampp\htdocs\upiicsa\proyecto\clases\usuarios.php on line 84
[14-Jun-2023 23:55:05 America/Mexico_City] PHP Warning:  Use of undefined constant DOMINIO - assumed 'DOMINIO' (this will throw an Error in a future version of PHP) in C:\xampp\htdocs\upiicsa\proyecto\clases\usuarios.php on line 84
[15-Jun-2023 00:15:44 America/Mexico_City] PHP Warning:  Use of undefined constant COOKIE_TIME - assumed 'COOKIE_TIME' (this will throw an Error in a future version of PHP) in C:\xampp\htdocs\upiicsa\proyecto\clases\usuarios.php on line 88
[15-Jun-2023 00:15:44 America/Mexico_City] PHP Warning:  A non-numeric value encountered in C:\xampp\htdocs\upiicsa\proyecto\clases\usuarios.php on line 88
[15-Jun-2023 00:15:44 America/Mexico_City] PHP Warning:  Use of undefined constant DOMINIO - assumed 'DOMINIO' (this will throw an Error in a future version of PHP) in C:\xampp\htdocs\upiicsa\proyecto\clases\usuarios.php on line 88
[15-Jun-2023 00:15:44 America/Mexico_City] PHP Warning:  Use of undefined constant COOKIE_TIME - assumed 'COOKIE_TIME' (this will throw an Error in a future version of PHP) in C:\xampp\htdocs\upiicsa\proyecto\clases\usuarios.php on line 89
[15-Jun-2023 00:15:44 America/Mexico_City] PHP Warning:  A non-numeric value encountered in C:\xampp\htdocs\upiicsa\proyecto\clases\usuarios.php on line 89
[15-Jun-2023 00:15:44 America/Mexico_City] PHP Warning:  Use of undefined constant DOMINIO - assumed 'DOMINIO' (this will throw an Error in a future version of PHP) in C:\xampp\htdocs\upiicsa\proyecto\clases\usuarios.php on line 89
[15-Jun-2023 00:15:44 America/Mexico_City] PHP Warning:  Use of undefined constant COOKIE_TIME - assumed 'COOKIE_TIME' (this will throw an Error in a future version of PHP) in C:\xampp\htdocs\upiicsa\proyecto\clases\usuarios.php on line 90
[15-Jun-2023 00:15:44 America/Mexico_City] PHP Warning:  A non-numeric value encountered in C:\xampp\htdocs\upiicsa\proyecto\clases\usuarios.php on line 90
[15-Jun-2023 00:15:44 America/Mexico_City] PHP Warning:  Use of undefined constant DOMINIO - assumed 'DOMINIO' (this will throw an Error in a future version of PHP) in C:\xampp\htdocs\upiicsa\proyecto\clases\usuarios.php on line 90
[15-Jun-2023 00:17:01 America/Mexico_City] PHP Warning:  Use of undefined constant COOKIE_TIME - assumed 'COOKIE_TIME' (this will throw an Error in a future version of PHP) in C:\xampp\htdocs\upiicsa\proyecto\clases\usuarios.php on line 88
[15-Jun-2023 00:17:01 America/Mexico_City] PHP Warning:  A non-numeric value encountered in C:\xampp\htdocs\upiicsa\proyecto\clases\usuarios.php on line 88
[15-Jun-2023 00:17:01 America/Mexico_City] PHP Warning:  Use of undefined constant DOMINIO - assumed 'DOMINIO' (this will throw an Error in a future version of PHP) in C:\xampp\htdocs\upiicsa\proyecto\clases\usuarios.php on line 88
[15-Jun-2023 00:17:01 America/Mexico_City] PHP Warning:  Use of undefined constant COOKIE_TIME - assumed 'COOKIE_TIME' (this will throw an Error in a future version of PHP) in C:\xampp\htdocs\upiicsa\proyecto\clases\usuarios.php on line 89
[15-Jun-2023 00:17:01 America/Mexico_City] PHP Warning:  A non-numeric value encountered in C:\xampp\htdocs\upiicsa\proyecto\clases\usuarios.php on line 89
[15-Jun-2023 00:17:01 America/Mexico_City] PHP Warning:  Use of undefined constant DOMINIO - assumed 'DOMINIO' (this will throw an Error in a future version of PHP) in C:\xampp\htdocs\upiicsa\proyecto\clases\usuarios.php on line 89
[15-Jun-2023 00:17:01 America/Mexico_City] PHP Warning:  Use of undefined constant COOKIE_TIME - assumed 'COOKIE_TIME' (this will throw an Error in a future version of PHP) in C:\xampp\htdocs\upiicsa\proyecto\clases\usuarios.php on line 90
[15-Jun-2023 00:17:01 America/Mexico_City] PHP Warning:  A non-numeric value encountered in C:\xampp\htdocs\upiicsa\proyecto\clases\usuarios.php on line 90
[15-Jun-2023 00:17:01 America/Mexico_City] PHP Warning:  Use of undefined constant DOMINIO - assumed 'DOMINIO' (this will throw an Error in a future version of PHP) in C:\xampp\htdocs\upiicsa\proyecto\clases\usuarios.php on line 90
[15-Jun-2023 00:17:14 America/Mexico_City] PHP Warning:  Use of undefined constant COOKIE_TIME - assumed 'COOKIE_TIME' (this will throw an Error in a future version of PHP) in C:\xampp\htdocs\upiicsa\proyecto\clases\usuarios.php on line 88
[15-Jun-2023 00:17:14 America/Mexico_City] PHP Warning:  A non-numeric value encountered in C:\xampp\htdocs\upiicsa\proyecto\clases\usuarios.php on line 88
[15-Jun-2023 00:17:14 America/Mexico_City] PHP Warning:  Use of undefined constant DOMINIO - assumed 'DOMINIO' (this will throw an Error in a future version of PHP) in C:\xampp\htdocs\upiicsa\proyecto\clases\usuarios.php on line 88
[15-Jun-2023 00:17:14 America/Mexico_City] PHP Warning:  Use of undefined constant COOKIE_TIME - assumed 'COOKIE_TIME' (this will throw an Error in a future version of PHP) in C:\xampp\htdocs\upiicsa\proyecto\clases\usuarios.php on line 89
[15-Jun-2023 00:17:14 America/Mexico_City] PHP Warning:  A non-numeric value encountered in C:\xampp\htdocs\upiicsa\proyecto\clases\usuarios.php on line 89
[15-Jun-2023 00:17:14 America/Mexico_City] PHP Warning:  Use of undefined constant DOMINIO - assumed 'DOMINIO' (this will throw an Error in a future version of PHP) in C:\xampp\htdocs\upiicsa\proyecto\clases\usuarios.php on line 89
[15-Jun-2023 00:17:14 America/Mexico_City] PHP Warning:  Use of undefined constant COOKIE_TIME - assumed 'COOKIE_TIME' (this will throw an Error in a future version of PHP) in C:\xampp\htdocs\upiicsa\proyecto\clases\usuarios.php on line 90
[15-Jun-2023 00:17:14 America/Mexico_City] PHP Warning:  A non-numeric value encountered in C:\xampp\htdocs\upiicsa\proyecto\clases\usuarios.php on line 90
[15-Jun-2023 00:17:14 America/Mexico_City] PHP Warning:  Use of undefined constant DOMINIO - assumed 'DOMINIO' (this will throw an Error in a future version of PHP) in C:\xampp\htdocs\upiicsa\proyecto\clases\usuarios.php on line 90
[15-Jun-2023 00:17:14 America/Mexico_City] PHP Notice:  Undefined index: usuario_sesion in C:\xampp\htdocs\upiicsa\proyecto\logout.php on line 6
[15-Jun-2023 00:19:27 America/Mexico_City] PHP Warning:  Use of undefined constant COOKIE_TIME - assumed 'COOKIE_TIME' (this will throw an Error in a future version of PHP) in C:\xampp\htdocs\upiicsa\proyecto\clases\usuarios.php on line 88
[15-Jun-2023 00:19:27 America/Mexico_City] PHP Warning:  A non-numeric value encountered in C:\xampp\htdocs\upiicsa\proyecto\clases\usuarios.php on line 88
[15-Jun-2023 00:19:27 America/Mexico_City] PHP Warning:  Use of undefined constant DOMINIO - assumed 'DOMINIO' (this will throw an Error in a future version of PHP) in C:\xampp\htdocs\upiicsa\proyecto\clases\usuarios.php on line 88
[15-Jun-2023 00:19:27 America/Mexico_City] PHP Warning:  Use of undefined constant COOKIE_TIME - assumed 'COOKIE_TIME' (this will throw an Error in a future version of PHP) in C:\xampp\htdocs\upiicsa\proyecto\clases\usuarios.php on line 89
[15-Jun-2023 00:19:27 America/Mexico_City] PHP Warning:  A non-numeric value encountered in C:\xampp\htdocs\upiicsa\proyecto\clases\usuarios.php on line 89
[15-Jun-2023 00:19:27 America/Mexico_City] PHP Warning:  Use of undefined constant DOMINIO - assumed 'DOMINIO' (this will throw an Error in a future version of PHP) in C:\xampp\htdocs\upiicsa\proyecto\clases\usuarios.php on line 89
[15-Jun-2023 00:19:27 America/Mexico_City] PHP Warning:  Use of undefined constant COOKIE_TIME - assumed 'COOKIE_TIME' (this will throw an Error in a future version of PHP) in C:\xampp\htdocs\upiicsa\proyecto\clases\usuarios.php on line 90
[15-Jun-2023 00:19:27 America/Mexico_City] PHP Warning:  A non-numeric value encountered in C:\xampp\htdocs\upiicsa\proyecto\clases\usuarios.php on line 90
[15-Jun-2023 00:19:27 America/Mexico_City] PHP Warning:  Use of undefined constant DOMINIO - assumed 'DOMINIO' (this will throw an Error in a future version of PHP) in C:\xampp\htdocs\upiicsa\proyecto\clases\usuarios.php on line 90
[15-Jun-2023 00:19:27 America/Mexico_City] PHP Warning:  session_destroy(): Trying to destroy uninitialized session in C:\xampp\htdocs\upiicsa\proyecto\logout.php on line 5
[15-Jun-2023 00:20:14 America/Mexico_City] PHP Warning:  Use of undefined constant COOKIE_TIME - assumed 'COOKIE_TIME' (this will throw an Error in a future version of PHP) in C:\xampp\htdocs\upiicsa\proyecto\clases\usuarios.php on line 88
[15-Jun-2023 00:20:14 America/Mexico_City] PHP Warning:  A non-numeric value encountered in C:\xampp\htdocs\upiicsa\proyecto\clases\usuarios.php on line 88
[15-Jun-2023 00:20:14 America/Mexico_City] PHP Warning:  Use of undefined constant DOMINIO - assumed 'DOMINIO' (this will throw an Error in a future version of PHP) in C:\xampp\htdocs\upiicsa\proyecto\clases\usuarios.php on line 88
[15-Jun-2023 00:20:14 America/Mexico_City] PHP Warning:  Use of undefined constant COOKIE_TIME - assumed 'COOKIE_TIME' (this will throw an Error in a future version of PHP) in C:\xampp\htdocs\upiicsa\proyecto\clases\usuarios.php on line 89
[15-Jun-2023 00:20:14 America/Mexico_City] PHP Warning:  A non-numeric value encountered in C:\xampp\htdocs\upiicsa\proyecto\clases\usuarios.php on line 89
[15-Jun-2023 00:20:14 America/Mexico_City] PHP Warning:  Use of undefined constant DOMINIO - assumed 'DOMINIO' (this will throw an Error in a future version of PHP) in C:\xampp\htdocs\upiicsa\proyecto\clases\usuarios.php on line 89
[15-Jun-2023 00:20:14 America/Mexico_City] PHP Warning:  Use of undefined constant COOKIE_TIME - assumed 'COOKIE_TIME' (this will throw an Error in a future version of PHP) in C:\xampp\htdocs\upiicsa\proyecto\clases\usuarios.php on line 90
[15-Jun-2023 00:20:14 America/Mexico_City] PHP Warning:  A non-numeric value encountered in C:\xampp\htdocs\upiicsa\proyecto\clases\usuarios.php on line 90
[15-Jun-2023 00:20:14 America/Mexico_City] PHP Warning:  Use of undefined constant DOMINIO - assumed 'DOMINIO' (this will throw an Error in a future version of PHP) in C:\xampp\htdocs\upiicsa\proyecto\clases\usuarios.php on line 90
[15-Jun-2023 00:20:16 America/Mexico_City] PHP Warning:  Use of undefined constant COOKIE_TIME - assumed 'COOKIE_TIME' (this will throw an Error in a future version of PHP) in C:\xampp\htdocs\upiicsa\proyecto\clases\usuarios.php on line 88
[15-Jun-2023 00:20:16 America/Mexico_City] PHP Warning:  A non-numeric value encountered in C:\xampp\htdocs\upiicsa\proyecto\clases\usuarios.php on line 88
[15-Jun-2023 00:20:16 America/Mexico_City] PHP Warning:  Use of undefined constant DOMINIO - assumed 'DOMINIO' (this will throw an Error in a future version of PHP) in C:\xampp\htdocs\upiicsa\proyecto\clases\usuarios.php on line 88
[15-Jun-2023 00:20:16 America/Mexico_City] PHP Warning:  Use of undefined constant COOKIE_TIME - assumed 'COOKIE_TIME' (this will throw an Error in a future version of PHP) in C:\xampp\htdocs\upiicsa\proyecto\clases\usuarios.php on line 89
[15-Jun-2023 00:20:16 America/Mexico_City] PHP Warning:  A non-numeric value encountered in C:\xampp\htdocs\upiicsa\proyecto\clases\usuarios.php on line 89
[15-Jun-2023 00:20:16 America/Mexico_City] PHP Warning:  Use of undefined constant DOMINIO - assumed 'DOMINIO' (this will throw an Error in a future version of PHP) in C:\xampp\htdocs\upiicsa\proyecto\clases\usuarios.php on line 89
[15-Jun-2023 00:20:16 America/Mexico_City] PHP Warning:  Use of undefined constant COOKIE_TIME - assumed 'COOKIE_TIME' (this will throw an Error in a future version of PHP) in C:\xampp\htdocs\upiicsa\proyecto\clases\usuarios.php on line 90
[15-Jun-2023 00:20:16 America/Mexico_City] PHP Warning:  A non-numeric value encountered in C:\xampp\htdocs\upiicsa\proyecto\clases\usuarios.php on line 90
[15-Jun-2023 00:20:16 America/Mexico_City] PHP Warning:  Use of undefined constant DOMINIO - assumed 'DOMINIO' (this will throw an Error in a future version of PHP) in C:\xampp\htdocs\upiicsa\proyecto\clases\usuarios.php on line 90
[15-Jun-2023 00:20:30 America/Mexico_City] PHP Warning:  Use of undefined constant COOKIE_TIME - assumed 'COOKIE_TIME' (this will throw an Error in a future version of PHP) in C:\xampp\htdocs\upiicsa\proyecto\clases\usuarios.php on line 82
[15-Jun-2023 00:20:30 America/Mexico_City] PHP Warning:  Use of undefined constant DOMINIO - assumed 'DOMINIO' (this will throw an Error in a future version of PHP) in C:\xampp\htdocs\upiicsa\proyecto\clases\usuarios.php on line 82
[15-Jun-2023 00:20:30 America/Mexico_City] PHP Warning:  Use of undefined constant COOKIE_TIME - assumed 'COOKIE_TIME' (this will throw an Error in a future version of PHP) in C:\xampp\htdocs\upiicsa\proyecto\clases\usuarios.php on line 83
[15-Jun-2023 00:20:30 America/Mexico_City] PHP Warning:  Use of undefined constant DOMINIO - assumed 'DOMINIO' (this will throw an Error in a future version of PHP) in C:\xampp\htdocs\upiicsa\proyecto\clases\usuarios.php on line 83
[15-Jun-2023 00:20:30 America/Mexico_City] PHP Warning:  Use of undefined constant COOKIE_TIME - assumed 'COOKIE_TIME' (this will throw an Error in a future version of PHP) in C:\xampp\htdocs\upiicsa\proyecto\clases\usuarios.php on line 84
[15-Jun-2023 00:20:30 America/Mexico_City] PHP Warning:  Use of undefined constant DOMINIO - assumed 'DOMINIO' (this will throw an Error in a future version of PHP) in C:\xampp\htdocs\upiicsa\proyecto\clases\usuarios.php on line 84
[15-Jun-2023 00:20:34 America/Mexico_City] PHP Warning:  Use of undefined constant COOKIE_TIME - assumed 'COOKIE_TIME' (this will throw an Error in a future version of PHP) in C:\xampp\htdocs\upiicsa\proyecto\clases\usuarios.php on line 88
[15-Jun-2023 00:20:34 America/Mexico_City] PHP Warning:  A non-numeric value encountered in C:\xampp\htdocs\upiicsa\proyecto\clases\usuarios.php on line 88
[15-Jun-2023 00:20:34 America/Mexico_City] PHP Warning:  Use of undefined constant DOMINIO - assumed 'DOMINIO' (this will throw an Error in a future version of PHP) in C:\xampp\htdocs\upiicsa\proyecto\clases\usuarios.php on line 88
[15-Jun-2023 00:20:34 America/Mexico_City] PHP Warning:  Use of undefined constant COOKIE_TIME - assumed 'COOKIE_TIME' (this will throw an Error in a future version of PHP) in C:\xampp\htdocs\upiicsa\proyecto\clases\usuarios.php on line 89
[15-Jun-2023 00:20:34 America/Mexico_City] PHP Warning:  A non-numeric value encountered in C:\xampp\htdocs\upiicsa\proyecto\clases\usuarios.php on line 89
[15-Jun-2023 00:20:34 America/Mexico_City] PHP Warning:  Use of undefined constant DOMINIO - assumed 'DOMINIO' (this will throw an Error in a future version of PHP) in C:\xampp\htdocs\upiicsa\proyecto\clases\usuarios.php on line 89
[15-Jun-2023 00:20:34 America/Mexico_City] PHP Warning:  Use of undefined constant COOKIE_TIME - assumed 'COOKIE_TIME' (this will throw an Error in a future version of PHP) in C:\xampp\htdocs\upiicsa\proyecto\clases\usuarios.php on line 90
[15-Jun-2023 00:20:34 America/Mexico_City] PHP Warning:  A non-numeric value encountered in C:\xampp\htdocs\upiicsa\proyecto\clases\usuarios.php on line 90
[15-Jun-2023 00:20:34 America/Mexico_City] PHP Warning:  Use of undefined constant DOMINIO - assumed 'DOMINIO' (this will throw an Error in a future version of PHP) in C:\xampp\htdocs\upiicsa\proyecto\clases\usuarios.php on line 90
[15-Jun-2023 00:20:40 America/Mexico_City] PHP Warning:  Use of undefined constant COOKIE_TIME - assumed 'COOKIE_TIME' (this will throw an Error in a future version of PHP) in C:\xampp\htdocs\upiicsa\proyecto\clases\usuarios.php on line 82
[15-Jun-2023 00:20:40 America/Mexico_City] PHP Warning:  Use of undefined constant DOMINIO - assumed 'DOMINIO' (this will throw an Error in a future version of PHP) in C:\xampp\htdocs\upiicsa\proyecto\clases\usuarios.php on line 82
[15-Jun-2023 00:20:40 America/Mexico_City] PHP Warning:  Use of undefined constant COOKIE_TIME - assumed 'COOKIE_TIME' (this will throw an Error in a future version of PHP) in C:\xampp\htdocs\upiicsa\proyecto\clases\usuarios.php on line 83
[15-Jun-2023 00:20:40 America/Mexico_City] PHP Warning:  Use of undefined constant DOMINIO - assumed 'DOMINIO' (this will throw an Error in a future version of PHP) in C:\xampp\htdocs\upiicsa\proyecto\clases\usuarios.php on line 83
[15-Jun-2023 00:20:40 America/Mexico_City] PHP Warning:  Use of undefined constant COOKIE_TIME - assumed 'COOKIE_TIME' (this will throw an Error in a future version of PHP) in C:\xampp\htdocs\upiicsa\proyecto\clases\usuarios.php on line 84
[15-Jun-2023 00:20:40 America/Mexico_City] PHP Warning:  Use of undefined constant DOMINIO - assumed 'DOMINIO' (this will throw an Error in a future version of PHP) in C:\xampp\htdocs\upiicsa\proyecto\clases\usuarios.php on line 84
[15-Jun-2023 00:20:46 America/Mexico_City] PHP Warning:  Use of undefined constant COOKIE_TIME - assumed 'COOKIE_TIME' (this will throw an Error in a future version of PHP) in C:\xampp\htdocs\upiicsa\proyecto\clases\usuarios.php on line 88
[15-Jun-2023 00:20:46 America/Mexico_City] PHP Warning:  A non-numeric value encountered in C:\xampp\htdocs\upiicsa\proyecto\clases\usuarios.php on line 88
[15-Jun-2023 00:20:46 America/Mexico_City] PHP Warning:  Use of undefined constant DOMINIO - assumed 'DOMINIO' (this will throw an Error in a future version of PHP) in C:\xampp\htdocs\upiicsa\proyecto\clases\usuarios.php on line 88
[15-Jun-2023 00:20:46 America/Mexico_City] PHP Warning:  Use of undefined constant COOKIE_TIME - assumed 'COOKIE_TIME' (this will throw an Error in a future version of PHP) in C:\xampp\htdocs\upiicsa\proyecto\clases\usuarios.php on line 89
[15-Jun-2023 00:20:46 America/Mexico_City] PHP Warning:  A non-numeric value encountered in C:\xampp\htdocs\upiicsa\proyecto\clases\usuarios.php on line 89
[15-Jun-2023 00:20:46 America/Mexico_City] PHP Warning:  Use of undefined constant DOMINIO - assumed 'DOMINIO' (this will throw an Error in a future version of PHP) in C:\xampp\htdocs\upiicsa\proyecto\clases\usuarios.php on line 89
[15-Jun-2023 00:20:46 America/Mexico_City] PHP Warning:  Use of undefined constant COOKIE_TIME - assumed 'COOKIE_TIME' (this will throw an Error in a future version of PHP) in C:\xampp\htdocs\upiicsa\proyecto\clases\usuarios.php on line 90
[15-Jun-2023 00:20:46 America/Mexico_City] PHP Warning:  A non-numeric value encountered in C:\xampp\htdocs\upiicsa\proyecto\clases\usuarios.php on line 90
[15-Jun-2023 00:20:46 America/Mexico_City] PHP Warning:  Use of undefined constant DOMINIO - assumed 'DOMINIO' (this will throw an Error in a future version of PHP) in C:\xampp\htdocs\upiicsa\proyecto\clases\usuarios.php on line 90
[15-Jun-2023 00:20:59 America/Mexico_City] PHP Warning:  Use of undefined constant COOKIE_TIME - assumed 'COOKIE_TIME' (this will throw an Error in a future version of PHP) in C:\xampp\htdocs\upiicsa\proyecto\clases\usuarios.php on line 82
[15-Jun-2023 00:20:59 America/Mexico_City] PHP Warning:  Use of undefined constant DOMINIO - assumed 'DOMINIO' (this will throw an Error in a future version of PHP) in C:\xampp\htdocs\upiicsa\proyecto\clases\usuarios.php on line 82
[15-Jun-2023 00:20:59 America/Mexico_City] PHP Warning:  Use of undefined constant COOKIE_TIME - assumed 'COOKIE_TIME' (this will throw an Error in a future version of PHP) in C:\xampp\htdocs\upiicsa\proyecto\clases\usuarios.php on line 83
[15-Jun-2023 00:20:59 America/Mexico_City] PHP Warning:  Use of undefined constant DOMINIO - assumed 'DOMINIO' (this will throw an Error in a future version of PHP) in C:\xampp\htdocs\upiicsa\proyecto\clases\usuarios.php on line 83
[15-Jun-2023 00:20:59 America/Mexico_City] PHP Warning:  Use of undefined constant COOKIE_TIME - assumed 'COOKIE_TIME' (this will throw an Error in a future version of PHP) in C:\xampp\htdocs\upiicsa\proyecto\clases\usuarios.php on line 84
[15-Jun-2023 00:20:59 America/Mexico_City] PHP Warning:  Use of undefined constant DOMINIO - assumed 'DOMINIO' (this will throw an Error in a future version of PHP) in C:\xampp\htdocs\upiicsa\proyecto\clases\usuarios.php on line 84
[15-Jun-2023 00:21:02 America/Mexico_City] PHP Warning:  Use of undefined constant COOKIE_TIME - assumed 'COOKIE_TIME' (this will throw an Error in a future version of PHP) in C:\xampp\htdocs\upiicsa\proyecto\clases\usuarios.php on line 88
[15-Jun-2023 00:21:02 America/Mexico_City] PHP Warning:  A non-numeric value encountered in C:\xampp\htdocs\upiicsa\proyecto\clases\usuarios.php on line 88
[15-Jun-2023 00:21:02 America/Mexico_City] PHP Warning:  Use of undefined constant DOMINIO - assumed 'DOMINIO' (this will throw an Error in a future version of PHP) in C:\xampp\htdocs\upiicsa\proyecto\clases\usuarios.php on line 88
[15-Jun-2023 00:21:02 America/Mexico_City] PHP Warning:  Use of undefined constant COOKIE_TIME - assumed 'COOKIE_TIME' (this will throw an Error in a future version of PHP) in C:\xampp\htdocs\upiicsa\proyecto\clases\usuarios.php on line 89
[15-Jun-2023 00:21:02 America/Mexico_City] PHP Warning:  A non-numeric value encountered in C:\xampp\htdocs\upiicsa\proyecto\clases\usuarios.php on line 89
[15-Jun-2023 00:21:02 America/Mexico_City] PHP Warning:  Use of undefined constant DOMINIO - assumed 'DOMINIO' (this will throw an Error in a future version of PHP) in C:\xampp\htdocs\upiicsa\proyecto\clases\usuarios.php on line 89
[15-Jun-2023 00:21:02 America/Mexico_City] PHP Warning:  Use of undefined constant COOKIE_TIME - assumed 'COOKIE_TIME' (this will throw an Error in a future version of PHP) in C:\xampp\htdocs\upiicsa\proyecto\clases\usuarios.php on line 90
[15-Jun-2023 00:21:02 America/Mexico_City] PHP Warning:  A non-numeric value encountered in C:\xampp\htdocs\upiicsa\proyecto\clases\usuarios.php on line 90
[15-Jun-2023 00:21:02 America/Mexico_City] PHP Warning:  Use of undefined constant DOMINIO - assumed 'DOMINIO' (this will throw an Error in a future version of PHP) in C:\xampp\htdocs\upiicsa\proyecto\clases\usuarios.php on line 90
[15-Jun-2023 00:21:04 America/Mexico_City] PHP Warning:  Use of undefined constant COOKIE_TIME - assumed 'COOKIE_TIME' (this will throw an Error in a future version of PHP) in C:\xampp\htdocs\upiicsa\proyecto\clases\usuarios.php on line 88
[15-Jun-2023 00:21:04 America/Mexico_City] PHP Warning:  A non-numeric value encountered in C:\xampp\htdocs\upiicsa\proyecto\clases\usuarios.php on line 88
[15-Jun-2023 00:21:04 America/Mexico_City] PHP Warning:  Use of undefined constant DOMINIO - assumed 'DOMINIO' (this will throw an Error in a future version of PHP) in C:\xampp\htdocs\upiicsa\proyecto\clases\usuarios.php on line 88
[15-Jun-2023 00:21:04 America/Mexico_City] PHP Warning:  Use of undefined constant COOKIE_TIME - assumed 'COOKIE_TIME' (this will throw an Error in a future version of PHP) in C:\xampp\htdocs\upiicsa\proyecto\clases\usuarios.php on line 89
[15-Jun-2023 00:21:04 America/Mexico_City] PHP Warning:  A non-numeric value encountered in C:\xampp\htdocs\upiicsa\proyecto\clases\usuarios.php on line 89
[15-Jun-2023 00:21:04 America/Mexico_City] PHP Warning:  Use of undefined constant DOMINIO - assumed 'DOMINIO' (this will throw an Error in a future version of PHP) in C:\xampp\htdocs\upiicsa\proyecto\clases\usuarios.php on line 89
[15-Jun-2023 00:21:04 America/Mexico_City] PHP Warning:  Use of undefined constant COOKIE_TIME - assumed 'COOKIE_TIME' (this will throw an Error in a future version of PHP) in C:\xampp\htdocs\upiicsa\proyecto\clases\usuarios.php on line 90
[15-Jun-2023 00:21:04 America/Mexico_City] PHP Warning:  A non-numeric value encountered in C:\xampp\htdocs\upiicsa\proyecto\clases\usuarios.php on line 90
[15-Jun-2023 00:21:04 America/Mexico_City] PHP Warning:  Use of undefined constant DOMINIO - assumed 'DOMINIO' (this will throw an Error in a future version of PHP) in C:\xampp\htdocs\upiicsa\proyecto\clases\usuarios.php on line 90
